#
# There is insufficient memory for the Java Runtime Environment to continue.
# Native memory allocation (malloc) failed to allocate 1828496 bytes for Chunk::new
# Possible reasons:
#   The system is out of physical RAM or swap space
#   The process is running with CompressedOops enabled, and the Java Heap may be blocking the growth of the native heap
# Possible solutions:
#   Reduce memory load on the system
#   Increase physical memory or swap space
#   Check if swap backing store is full
#   Decrease Java heap size (-Xmx/-Xms)
#   Decrease number of Java threads
#   Decrease Java thread stack sizes (-Xss)
#   Set larger code cache with -XX:ReservedCodeCacheSize=
#   JVM is running with Unscaled Compressed Oops mode in which the Java heap is
#     placed in the first 4GB address space. The Java Heap base address is the
#     maximum limit for the native heap growth. Please use -XX:HeapBaseMinAddress
#     to set the Java Heap base and to place the Java Heap above 4GB virtual address.
# This output file may be truncated or incomplete.
#
#  Out of Memory Error (allocation.cpp:389), pid=21396, tid=0x0000000000004484
#
# JRE version: Java(TM) SE Runtime Environment (8.0_221-b11) (build 1.8.0_221-b11)
# Java VM: Java HotSpot(TM) 64-Bit Server VM (25.221-b11 mixed mode windows-amd64 compressed oops)
# Failed to write core dump. Minidumps are not enabled by default on client versions of Windows
#

---------------  T H R E A D  ---------------

Current thread (0x0000000019dbe000):  JavaThread "C2 CompilerThread0" daemon [_thread_in_native, id=17540, stack(0x000000001a730000,0x000000001a830000)]

Stack: [0x000000001a730000,0x000000001a830000]
[error occurred during error reporting (printing stack bounds), id 0xc0000005]

Native frames: (J=compiled Java code, j=interpreted, Vv=VM code, C=native code)


Current CompileTask:
C2:   3380 3303   !   4       com.google.inject.spi.InjectionPoint::getInjectionPoints (489 bytes)


---------------  P R O C E S S  ---------------

Java Threads: ( => current thread )
  0x0000000019e67000 JavaThread "Service Thread" daemon [_thread_blocked, id=15420, stack(0x000000001ab30000,0x000000001ac30000)]
  0x0000000019dcb000 JavaThread "C1 CompilerThread3" daemon [_thread_blocked, id=6712, stack(0x000000001aa30000,0x000000001ab30000)]
  0x0000000019dc6800 JavaThread "C2 CompilerThread2" daemon [_thread_in_native, id=1324, stack(0x000000001a930000,0x000000001aa30000)]
  0x0000000019dc0800 JavaThread "C2 CompilerThread1" daemon [_thread_in_native, id=24748, stack(0x000000001a830000,0x000000001a930000)]
=>0x0000000019dbe000 JavaThread "C2 CompilerThread0" daemon [_thread_in_native, id=17540, stack(0x000000001a730000,0x000000001a830000)]
  0x0000000019dbc800 JavaThread "Monitor Ctrl-Break" daemon [_thread_in_native, id=5888, stack(0x000000001a630000,0x000000001a730000)]
  0x0000000019d52000 JavaThread "Attach Listener" daemon [_thread_blocked, id=15068, stack(0x000000001a530000,0x000000001a630000)]
  0x0000000019d51000 JavaThread "Signal Dispatcher" daemon [_thread_blocked, id=22920, stack(0x000000001a430000,0x000000001a530000)]
  0x0000000019d41800 JavaThread "Finalizer" daemon [_thread_blocked, id=21856, stack(0x000000001a220000,0x000000001a320000)]
  0x0000000019d40800 JavaThread "Reference Handler" daemon [_thread_blocked, id=9920, stack(0x000000001a120000,0x000000001a220000)]
  0x0000000002f73000 JavaThread "main" [_thread_blocked, id=16376, stack(0x0000000002ca0000,0x0000000002da0000)]

Other Threads:
  0x0000000017f39800 VMThread [stack: 0x0000000019c20000,0x0000000019d20000] [id=9856]
  0x0000000019e8e800 WatcherThread [stack: 0x000000001ac30000,0x000000001ad30000] [id=16128]

VM state:at safepoint (normal execution)

VM Mutex/Monitor currently owned by a thread:  ([mutex/lock_event])
[0x0000000002bddf30] Threads_lock - owner thread: 0x0000000017f39800
[0x0000000002f70f50] Heap_lock - owner thread: 0x0000000002f73000

heap address: 0x0000000082c00000, size: 2004 MB, Compressed Oops mode: 32-bit
Narrow klass base: 0x0000000000000000, Narrow klass shift: 3
Compressed class space size: 1073741824 Address: 0x0000000100000000

Heap:
 PSYoungGen      total 140288K, used 8229K [0x00000000d6400000, 0x00000000df800000, 0x0000000100000000)
  eden space 130560K, 0% used [0x00000000d6400000,0x00000000d6400000,0x00000000de380000)
  from space 9728K, 84% used [0x00000000ded80000,0x00000000df589798,0x00000000df700000)
  to   space 10240K, 0% used [0x00000000de380000,0x00000000de380000,0x00000000ded80000)
 ParOldGen       total 86016K, used 7957K [0x0000000082c00000, 0x0000000088000000, 0x00000000d6400000)
  object space 86016K, 9% used [0x0000000082c00000,0x00000000833c57a0,0x0000000088000000)
 Metaspace       used 20542K, capacity 21204K, committed 21296K, reserved 1069056K
  class space    used 2460K, capacity 2678K, committed 2688K, reserved 1048576K

Card table byte_map: [0x0000000012430000,0x0000000012820000] byte_map_base: 0x000000001201a000

Marking Bits: (ParMarkBitMap*) 0x000000005c455ce0
 Begin Bits: [0x00000000132c0000, 0x0000000015210000)
 End Bits:   [0x0000000015210000, 0x0000000017160000)

Polling page: 0x0000000000bf0000

CodeCache: size=245760Kb used=12084Kb max_used=12084Kb free=233675Kb
 bounds [0x0000000003070000, 0x0000000003c50000, 0x0000000012070000]
 total_blobs=3870 nmethods=3481 adapters=301
 compilation: enabled

Compilation events (10 events):
Event: 3.346 Thread 0x0000000019dcb000 3491       3       com.sun.tools.javac.util.Name$Table::equals (44 bytes)
Event: 3.346 Thread 0x0000000019dcb000 nmethod 3491 0x0000000003c46f90 code [0x0000000003c47100, 0x0000000003c473b0]
Event: 3.346 Thread 0x0000000019dcb000 3492       1       com.sun.tools.javac.code.Symbol$PackageSymbol::getQualifiedName (5 bytes)
Event: 3.346 Thread 0x0000000019dcb000 nmethod 3492 0x0000000003c47590 code [0x0000000003c476e0, 0x0000000003c477f0]
Event: 3.347 Thread 0x0000000019dcb000 3493       3       com.sun.tools.javac.util.ArrayUtils::ensureCapacity (30 bytes)
Event: 3.347 Thread 0x0000000019dcb000 nmethod 3493 0x0000000003c47850 code [0x0000000003c479e0, 0x0000000003c47d88]
Event: 3.347 Thread 0x0000000019dcb000 3494       3       com.sun.tools.javac.util.List::nil (4 bytes)
Event: 3.347 Thread 0x0000000019dcb000 nmethod 3494 0x0000000003c47f10 code [0x0000000003c48060, 0x0000000003c48190]
Event: 3.347 Thread 0x0000000019dcb000 3495       3       com.sun.tools.javac.code.AnnoConstruct::<init> (5 bytes)
Event: 3.347 Thread 0x0000000019dcb000 nmethod 3495 0x0000000003c48210 code [0x0000000003c48360, 0x0000000003c48510]

GC Heap History (10 events):
Event: 1.198 GC heap after
Heap after GC invocations=2 (full 0):
 PSYoungGen      total 37888K, used 5110K [0x00000000d6400000, 0x00000000d8e00000, 0x0000000100000000)
  eden space 32768K, 0% used [0x00000000d6400000,0x00000000d6400000,0x00000000d8400000)
  from space 5120K, 99% used [0x00000000d8900000,0x00000000d8dfdbf0,0x00000000d8e00000)
  to   space 5120K, 0% used [0x00000000d8400000,0x00000000d8400000,0x00000000d8900000)
 ParOldGen       total 86016K, used 585K [0x0000000082c00000, 0x0000000088000000, 0x00000000d6400000)
  object space 86016K, 0% used [0x0000000082c00000,0x0000000082c92618,0x0000000088000000)
 Metaspace       used 11139K, capacity 11278K, committed 11520K, reserved 1058816K
  class space    used 1351K, capacity 1415K, committed 1536K, reserved 1048576K
}
Event: 1.535 GC heap before
{Heap before GC invocations=3 (full 0):
 PSYoungGen      total 37888K, used 37878K [0x00000000d6400000, 0x00000000d8e00000, 0x0000000100000000)
  eden space 32768K, 100% used [0x00000000d6400000,0x00000000d8400000,0x00000000d8400000)
  from space 5120K, 99% used [0x00000000d8900000,0x00000000d8dfdbf0,0x00000000d8e00000)
  to   space 5120K, 0% used [0x00000000d8400000,0x00000000d8400000,0x00000000d8900000)
 ParOldGen       total 86016K, used 585K [0x0000000082c00000, 0x0000000088000000, 0x00000000d6400000)
  object space 86016K, 0% used [0x0000000082c00000,0x0000000082c92618,0x0000000088000000)
 Metaspace       used 14504K, capacity 14756K, committed 14976K, reserved 1062912K
  class space    used 1799K, capacity 1877K, committed 1920K, reserved 1048576K
Event: 1.541 GC heap after
Heap after GC invocations=3 (full 0):
 PSYoungGen      total 37888K, used 5104K [0x00000000d6400000, 0x00000000dae00000, 0x0000000100000000)
  eden space 32768K, 0% used [0x00000000d6400000,0x00000000d6400000,0x00000000d8400000)
  from space 5120K, 99% used [0x00000000d8400000,0x00000000d88fc048,0x00000000d8900000)
  to   space 5120K, 0% used [0x00000000da900000,0x00000000da900000,0x00000000dae00000)
 ParOldGen       total 86016K, used 2430K [0x0000000082c00000, 0x0000000088000000, 0x00000000d6400000)
  object space 86016K, 2% used [0x0000000082c00000,0x0000000082e5faf8,0x0000000088000000)
 Metaspace       used 14504K, capacity 14756K, committed 14976K, reserved 1062912K
  class space    used 1799K, capacity 1877K, committed 1920K, reserved 1048576K
}
Event: 1.998 GC heap before
{Heap before GC invocations=4 (full 0):
 PSYoungGen      total 37888K, used 37872K [0x00000000d6400000, 0x00000000dae00000, 0x0000000100000000)
  eden space 32768K, 100% used [0x00000000d6400000,0x00000000d8400000,0x00000000d8400000)
  from space 5120K, 99% used [0x00000000d8400000,0x00000000d88fc048,0x00000000d8900000)
  to   space 5120K, 0% used [0x00000000da900000,0x00000000da900000,0x00000000dae00000)
 ParOldGen       total 86016K, used 2430K [0x0000000082c00000, 0x0000000088000000, 0x00000000d6400000)
  object space 86016K, 2% used [0x0000000082c00000,0x0000000082e5faf8,0x0000000088000000)
 Metaspace       used 16357K, capacity 16628K, committed 16768K, reserved 1064960K
  class space    used 1989K, capacity 2113K, committed 2176K, reserved 1048576K
Event: 2.005 GC heap after
Heap after GC invocations=4 (full 0):
 PSYoungGen      total 70656K, used 5104K [0x00000000d6400000, 0x00000000dae00000, 0x0000000100000000)
  eden space 65536K, 0% used [0x00000000d6400000,0x00000000d6400000,0x00000000da400000)
  from space 5120K, 99% used [0x00000000da900000,0x00000000dadfc030,0x00000000dae00000)
  to   space 5120K, 0% used [0x00000000da400000,0x00000000da400000,0x00000000da900000)
 ParOldGen       total 86016K, used 4466K [0x0000000082c00000, 0x0000000088000000, 0x00000000d6400000)
  object space 86016K, 5% used [0x0000000082c00000,0x000000008305cb40,0x0000000088000000)
 Metaspace       used 16357K, capacity 16628K, committed 16768K, reserved 1064960K
  class space    used 1989K, capacity 2113K, committed 2176K, reserved 1048576K
}
Event: 2.756 GC heap before
{Heap before GC invocations=5 (full 0):
 PSYoungGen      total 70656K, used 70640K [0x00000000d6400000, 0x00000000dae00000, 0x0000000100000000)
  eden space 65536K, 100% used [0x00000000d6400000,0x00000000da400000,0x00000000da400000)
  from space 5120K, 99% used [0x00000000da900000,0x00000000dadfc030,0x00000000dae00000)
  to   space 5120K, 0% used [0x00000000da400000,0x00000000da400000,0x00000000da900000)
 ParOldGen       total 86016K, used 4466K [0x0000000082c00000, 0x0000000088000000, 0x00000000d6400000)
  object space 86016K, 5% used [0x0000000082c00000,0x000000008305cb40,0x0000000088000000)
 Metaspace       used 17689K, capacity 18200K, committed 18432K, reserved 1064960K
  class space    used 2076K, capacity 2228K, committed 2304K, reserved 1048576K
Event: 2.764 GC heap after
Heap after GC invocations=5 (full 0):
 PSYoungGen      total 70656K, used 5104K [0x00000000d6400000, 0x00000000df700000, 0x0000000100000000)
  eden space 65536K, 0% used [0x00000000d6400000,0x00000000d6400000,0x00000000da400000)
  from space 5120K, 99% used [0x00000000da400000,0x00000000da8fc030,0x00000000da900000)
  to   space 9728K, 0% used [0x00000000ded80000,0x00000000ded80000,0x00000000df700000)
 ParOldGen       total 86016K, used 7949K [0x0000000082c00000, 0x0000000088000000, 0x00000000d6400000)
  object space 86016K, 9% used [0x0000000082c00000,0x00000000833c37a0,0x0000000088000000)
 Metaspace       used 17689K, capacity 18200K, committed 18432K, reserved 1064960K
  class space    used 2076K, capacity 2228K, committed 2304K, reserved 1048576K
}
Event: 3.359 GC heap before
{Heap before GC invocations=6 (full 0):
 PSYoungGen      total 70656K, used 49396K [0x00000000d6400000, 0x00000000df700000, 0x0000000100000000)
  eden space 65536K, 67% used [0x00000000d6400000,0x00000000d8f410c0,0x00000000da400000)
  from space 5120K, 99% used [0x00000000da400000,0x00000000da8fc030,0x00000000da900000)
  to   space 9728K, 0% used [0x00000000ded80000,0x00000000ded80000,0x00000000df700000)
 ParOldGen       total 86016K, used 7949K [0x0000000082c00000, 0x0000000088000000, 0x00000000d6400000)
  object space 86016K, 9% used [0x0000000082c00000,0x00000000833c37a0,0x0000000088000000)
 Metaspace       used 20542K, capacity 21204K, committed 21296K, reserved 1069056K
  class space    used 2460K, capacity 2678K, committed 2688K, reserved 1048576K
Event: 3.372 GC heap after
Heap after GC invocations=6 (full 0):
 PSYoungGen      total 140288K, used 8229K [0x00000000d6400000, 0x00000000df800000, 0x0000000100000000)
  eden space 130560K, 0% used [0x00000000d6400000,0x00000000d6400000,0x00000000de380000)
  from space 9728K, 84% used [0x00000000ded80000,0x00000000df589798,0x00000000df700000)
  to   space 10240K, 0% used [0x00000000de380000,0x00000000de380000,0x00000000ded80000)
 ParOldGen       total 86016K, used 7957K [0x0000000082c00000, 0x0000000088000000, 0x00000000d6400000)
  object space 86016K, 9% used [0x0000000082c00000,0x00000000833c57a0,0x0000000088000000)
 Metaspace       used 20542K, capacity 21204K, committed 21296K, reserved 1069056K
  class space    used 2460K, capacity 2678K, committed 2688K, reserved 1048576K
}
Event: 3.372 GC heap before
{Heap before GC invocations=7 (full 1):
 PSYoungGen      total 140288K, used 8229K [0x00000000d6400000, 0x00000000df800000, 0x0000000100000000)
  eden space 130560K, 0% used [0x00000000d6400000,0x00000000d6400000,0x00000000de380000)
  from space 9728K, 84% used [0x00000000ded80000,0x00000000df589798,0x00000000df700000)
  to   space 10240K, 0% used [0x00000000de380000,0x00000000de380000,0x00000000ded80000)
 ParOldGen       total 86016K, used 7957K [0x0000000082c00000, 0x0000000088000000, 0x00000000d6400000)
  object space 86016K, 9% used [0x0000000082c00000,0x00000000833c57a0,0x0000000088000000)
 Metaspace       used 20542K, capacity 21204K, committed 21296K, reserved 1069056K
  class space    used 2460K, capacity 2678K, committed 2688K, reserved 1048576K

Deoptimization events (10 events):
Event: 2.765 Thread 0x0000000002f73000 Uncommon trap: reason=unstable_if action=reinterpret pc=0x00000000034e57f0 method=java.lang.reflect.Modifier.isSynthetic(I)Z @ 5
Event: 2.993 Thread 0x0000000002f73000 Uncommon trap: reason=speculate_class_check action=maybe_recompile pc=0x00000000036d70e8 method=java.nio.charset.CharsetEncoder.encode(Ljava/nio/CharBuffer;Ljava/nio/ByteBuffer;Z)Ljava/nio/charset/CoderResult; @ 57
Event: 2.993 Thread 0x0000000002f73000 Uncommon trap: reason=class_check action=maybe_recompile pc=0x000000000375c1c0 method=sun.nio.cs.StreamEncoder.writeBytes()V @ 120
Event: 2.998 Thread 0x0000000002f73000 Uncommon trap: reason=class_check action=maybe_recompile pc=0x00000000038072b4 method=java.util.regex.Pattern$Start.match(Ljava/util/regex/Matcher;ILjava/lang/CharSequence;)Z @ 44
Event: 2.998 Thread 0x0000000002f73000 Uncommon trap: reason=class_check action=maybe_recompile pc=0x00000000038072b4 method=java.util.regex.Pattern$Start.match(Ljava/util/regex/Matcher;ILjava/lang/CharSequence;)Z @ 44
Event: 2.999 Thread 0x0000000002f73000 Uncommon trap: reason=class_check action=maybe_recompile pc=0x00000000037f2b04 method=java.util.regex.Pattern$Start.match(Ljava/util/regex/Matcher;ILjava/lang/CharSequence;)Z @ 44
Event: 3.002 Thread 0x0000000002f73000 Uncommon trap: reason=speculate_class_check action=maybe_recompile pc=0x00000000036d70e8 method=java.nio.charset.CharsetEncoder.encode(Ljava/nio/CharBuffer;Ljava/nio/ByteBuffer;Z)Ljava/nio/charset/CoderResult; @ 57
Event: 3.002 Thread 0x0000000002f73000 Uncommon trap: reason=class_check action=maybe_recompile pc=0x000000000375c1c0 method=sun.nio.cs.StreamEncoder.writeBytes()V @ 120
Event: 3.090 Thread 0x0000000002f73000 Uncommon trap: reason=unstable_if action=reinterpret pc=0x0000000003b28a64 method=org.apache.maven.model.merge.ModelMerger.mergePlugin_GroupId(Lorg/apache/maven/model/Plugin;Lorg/apache/maven/model/Plugin;ZLjava/util/Map;)V @ 12
Event: 3.137 Thread 0x0000000002f73000 Uncommon trap: reason=unstable_if action=reinterpret pc=0x000000000343dd4c method=java.lang.String.regionMatches(ZILjava/lang/String;II)Z @ 25

Classes redefined (0 events):
No events

Internal exceptions (10 events):
Event: 0.988 Thread 0x0000000002f73000 Exception <a 'java/lang/ArrayIndexOutOfBoundsException'> (0x00000000d6b6bcf8) thrown at [C:\re\workspace\8-2-build-windows-amd64-cygwin\jdk8u221\13320\hotspot\src\share\vm\runtime\sharedRuntime.cpp, line 605]
Event: 1.035 Thread 0x0000000002f73000 Exception <a 'java/lang/ArrayIndexOutOfBoundsException': 66> (0x00000000d6e63890) thrown at [C:\re\workspace\8-2-build-windows-amd64-cygwin\jdk8u221\13320\hotspot\src\share\vm\interpreter\interpreterRuntime.cpp, line 368]
Event: 1.415 Thread 0x0000000002f73000 Exception <a 'java/lang/NoClassDefFoundError': com/google/inject/servlet/ServletModuleTargetVisitor> (0x00000000d7aeba98) thrown at [C:\re\workspace\8-2-build-windows-amd64-cygwin\jdk8u221\13320\hotspot\src\share\vm\classfile\systemDictionary.cpp, line 19
Event: 1.415 Thread 0x0000000002f73000 Exception <a 'java/lang/NoClassDefFoundError'> (0x00000000d7aeba98) thrown at [C:\re\workspace\8-2-build-windows-amd64-cygwin\jdk8u221\13320\hotspot\src\share\vm\prims\jvm.cpp, line 1506]
Event: 1.415 Thread 0x0000000002f73000 Exception <a 'java/lang/NoClassDefFoundError': javax/annotation/Priority> (0x00000000d7af0d68) thrown at [C:\re\workspace\8-2-build-windows-amd64-cygwin\jdk8u221\13320\hotspot\src\share\vm\classfile\systemDictionary.cpp, line 199]
Event: 1.472 Thread 0x0000000002f73000 Implicit null exception at 0x000000000323f498 to 0x000000000323f651
Event: 1.680 Thread 0x0000000002f73000 Implicit null exception at 0x000000000345e715 to 0x000000000345e8e5
Event: 1.680 Thread 0x0000000002f73000 Implicit null exception at 0x000000000346556f to 0x00000000034655d9
Event: 1.729 Thread 0x0000000002f73000 Implicit null exception at 0x00000000036c0f37 to 0x00000000036c1181
Event: 3.265 Thread 0x0000000002f73000 Exception <a 'java/lang/ClassNotFoundException': com/sun/tools/javac/api/JavacTool> (0x00000000d880ea98) thrown at [C:\re\workspace\8-2-build-windows-amd64-cygwin\jdk8u221\13320\hotspot\src\share\vm\classfile\systemDictionary.cpp, line 210]

Events (10 events):
Event: 3.356 loading class com/sun/tools/javac/code/Types$3 done
Event: 3.357 loading class com/sun/tools/javac/code/Type$ErasedClassType
Event: 3.357 loading class com/sun/tools/javac/code/Type$ErasedClassType done
Event: 3.357 loading class com/sun/tools/javac/code/Types$ImplementationCache
Event: 3.357 loading class com/sun/tools/javac/code/Types$ImplementationCache done
Event: 3.358 loading class com/sun/tools/javac/code/Types$MembersClosureCache
Event: 3.358 loading class com/sun/tools/javac/code/Types$MembersClosureCache done
Event: 3.358 loading class com/sun/tools/javac/comp/Check
Event: 3.358 loading class com/sun/tools/javac/comp/Check done
Event: 3.359 Executing VM operation: CollectForMetadataAllocation


Dynamic libraries:
0x00007ff6eb430000 - 0x00007ff6eb467000 	C:\Program Files\Java\jdk1.8.0_221\bin\java.exe
0x00007ffb7c180000 - 0x00007ffb7c370000 	C:\WINDOWS\SYSTEM32\ntdll.dll
0x00007ffb7a580000 - 0x00007ffb7a632000 	C:\WINDOWS\System32\KERNEL32.DLL
0x00007ffb79a70000 - 0x00007ffb79d13000 	C:\WINDOWS\System32\KERNELBASE.dll
0x00007ffb7aeb0000 - 0x00007ffb7af53000 	C:\WINDOWS\System32\ADVAPI32.dll
0x00007ffb7b440000 - 0x00007ffb7b4de000 	C:\WINDOWS\System32\msvcrt.dll
0x00007ffb7a6b0000 - 0x00007ffb7a747000 	C:\WINDOWS\System32\sechost.dll
0x00007ffb7bbd0000 - 0x00007ffb7bcf0000 	C:\WINDOWS\System32\RPCRT4.dll
0x00007ffb7a230000 - 0x00007ffb7a3c4000 	C:\WINDOWS\System32\USER32.dll
0x00007ffb79270000 - 0x00007ffb79291000 	C:\WINDOWS\System32\win32u.dll
0x00007ffb7bcf0000 - 0x00007ffb7bd16000 	C:\WINDOWS\System32\GDI32.dll
0x00007ffb7a070000 - 0x00007ffb7a204000 	C:\WINDOWS\System32\gdi32full.dll
0x00007ffb79da0000 - 0x00007ffb79e3e000 	C:\WINDOWS\System32\msvcp_win.dll
0x00007ffb79110000 - 0x00007ffb7920a000 	C:\WINDOWS\System32\ucrtbase.dll
0x00007ffb53910000 - 0x00007ffb53b95000 	C:\WINDOWS\WinSxS\amd64_microsoft.windows.common-controls_6595b64144ccf1df_6.0.18362.657_none_e6c5b579130e3898\COMCTL32.dll
0x00007ffb7a750000 - 0x00007ffb7aa86000 	C:\WINDOWS\System32\combase.dll
0x00007ffb79d20000 - 0x00007ffb79da0000 	C:\WINDOWS\System32\bcryptPrimitives.dll
0x00007ffb7bfb0000 - 0x00007ffb7bfde000 	C:\WINDOWS\System32\IMM32.DLL
0x000000005d550000 - 0x000000005d622000 	C:\Program Files\Java\jdk1.8.0_221\jre\bin\msvcr100.dll
0x000000005bc30000 - 0x000000005c4d5000 	C:\Program Files\Java\jdk1.8.0_221\jre\bin\server\jvm.dll
0x00007ffb7a6a0000 - 0x00007ffb7a6a8000 	C:\WINDOWS\System32\PSAPI.DLL
0x00007ffb71930000 - 0x00007ffb7193a000 	C:\WINDOWS\SYSTEM32\VERSION.dll
0x00007ffb56970000 - 0x00007ffb56979000 	C:\WINDOWS\SYSTEM32\WSOCK32.dll
0x00007ffb63a60000 - 0x00007ffb63a84000 	C:\WINDOWS\SYSTEM32\WINMM.dll
0x00007ffb7ae40000 - 0x00007ffb7aeaf000 	C:\WINDOWS\System32\WS2_32.dll
0x00007ffb63a30000 - 0x00007ffb63a5d000 	C:\WINDOWS\SYSTEM32\WINMMBASE.dll
0x00007ffb79a20000 - 0x00007ffb79a6a000 	C:\WINDOWS\System32\cfgmgr32.dll
0x00007ffb6ec20000 - 0x00007ffb6ec2f000 	C:\Program Files\Java\jdk1.8.0_221\jre\bin\verify.dll
0x00007ffb509e0000 - 0x00007ffb50a09000 	C:\Program Files\Java\jdk1.8.0_221\jre\bin\java.dll
0x00007ffb3a750000 - 0x00007ffb3a773000 	C:\Program Files\Java\jdk1.8.0_221\jre\bin\instrument.dll
0x00007ffb4dfd0000 - 0x00007ffb4dfe6000 	C:\Program Files\Java\jdk1.8.0_221\jre\bin\zip.dll
0x00007ffb7b4e0000 - 0x00007ffb7bbc5000 	C:\WINDOWS\System32\SHELL32.dll
0x00007ffb7be30000 - 0x00007ffb7bed9000 	C:\WINDOWS\System32\shcore.dll
0x00007ffb792a0000 - 0x00007ffb79a1f000 	C:\WINDOWS\System32\windows.storage.dll
0x00007ffb79060000 - 0x00007ffb7907f000 	C:\WINDOWS\System32\profapi.dll
0x00007ffb790c0000 - 0x00007ffb7910a000 	C:\WINDOWS\System32\powrprof.dll
0x00007ffb79050000 - 0x00007ffb79060000 	C:\WINDOWS\System32\UMPDC.dll
0x00007ffb7a640000 - 0x00007ffb7a692000 	C:\WINDOWS\System32\shlwapi.dll
0x00007ffb79080000 - 0x00007ffb79091000 	C:\WINDOWS\System32\kernel.appcore.dll
0x00007ffb7a210000 - 0x00007ffb7a227000 	C:\WINDOWS\System32\cryptsp.dll
0x00007ffb3b6e0000 - 0x00007ffb3b6fa000 	C:\Program Files\JetBrains\IntelliJ IDEA 2019.2.2\bin\breakgen64.dll
0x00007ffb4b8a0000 - 0x00007ffb4b8ba000 	C:\Program Files\Java\jdk1.8.0_221\jre\bin\net.dll
0x00007ffb64000000 - 0x00007ffb641d6000 	C:\WINDOWS\SYSTEM32\urlmon.dll
0x00007ffb664a0000 - 0x00007ffb66746000 	C:\WINDOWS\SYSTEM32\iertutil.dll
0x00007ffb78a30000 - 0x00007ffb78a3c000 	C:\WINDOWS\SYSTEM32\CRYPTBASE.DLL
0x00007ffb78860000 - 0x00007ffb788c7000 	C:\WINDOWS\system32\mswsock.dll
0x00007ffb783d0000 - 0x00007ffb78403000 	C:\WINDOWS\system32\rsaenh.dll
0x00007ffb7a040000 - 0x00007ffb7a066000 	C:\WINDOWS\System32\bcrypt.dll
0x00007ffb78f70000 - 0x00007ffb78f95000 	C:\WINDOWS\SYSTEM32\USERENV.dll
0x00007ffb78570000 - 0x00007ffb785aa000 	C:\WINDOWS\SYSTEM32\IPHLPAPI.DLL
0x00007ffb7b430000 - 0x00007ffb7b438000 	C:\WINDOWS\System32\NSI.dll
0x00007ffb70cb0000 - 0x00007ffb70cc6000 	C:\WINDOWS\SYSTEM32\dhcpcsvc6.DLL
0x00007ffb70c90000 - 0x00007ffb70cac000 	C:\WINDOWS\SYSTEM32\dhcpcsvc.DLL
0x00007ffb785b0000 - 0x00007ffb7867a000 	C:\WINDOWS\SYSTEM32\DNSAPI.dll
0x00007ffb4b760000 - 0x00007ffb4b772000 	C:\Program Files\Java\jdk1.8.0_221\jre\bin\nio.dll
0x00007ffb64dd0000 - 0x00007ffb64dda000 	C:\Users\akper\AppData\Local\Temp\jansi-1.17.1-5050289889951831653.dll
0x00007ffb63fc0000 - 0x00007ffb63fca000 	C:\Users\akper\AppData\Local\Temp\jansi-1.17.1-7440420740866009352.dll

VM Arguments:
jvm_args: -Dmaven.multiModuleProjectDirectory=C:\Users\akper\Desktop\OPD\bcomp-dev -Dmaven.home=C:\Program Files\JetBrains\IntelliJ IDEA 2019.2.2\plugins\maven\lib\maven3 -Dclassworlds.conf=C:\Program Files\JetBrains\IntelliJ IDEA 2019.2.2\plugins\maven\lib\maven3\bin\m2.conf -Dmaven.ext.class.path=C:\Program Files\JetBrains\IntelliJ IDEA 2019.2.2\plugins\maven\lib\maven-event-listener.jar -javaagent:C:\Program Files\JetBrains\IntelliJ IDEA 2019.2.2\lib\idea_rt.jar=32358:C:\Program Files\JetBrains\IntelliJ IDEA 2019.2.2\bin -Dfile.encoding=UTF-8 
java_command: org.codehaus.classworlds.Launcher -Didea.version2019.2.2 install
java_class_path (initial): C:\Program Files\JetBrains\IntelliJ IDEA 2019.2.2\plugins\maven\lib\maven3\boot\plexus-classworlds-2.6.0.jar;C:\Program Files\JetBrains\IntelliJ IDEA 2019.2.2\lib\idea_rt.jar
Launcher Type: SUN_STANDARD

Environment Variables:
PATH=C:\Program Files\Python36\Scripts\;C:\Program Files\Python36\;C:\Program Files (x86)\Common Files\Oracle\Java\javapath;C:\WINDOWS\system32;C:\WINDOWS;C:\WINDOWS\System32\Wbem;C:\WINDOWS\System32\WindowsPowerShell\v1.0\;C:\WINDOWS\System32\OpenSSH\;C:\Program Files (x86)\Intel\Intel(R) Management Engine Components\DAL;C:\Program Files\Intel\Intel(R) Management Engine Components\DAL;C:\Program Files\dotnet\;C:\Program Files\PuTTY\;C:\Users\akper\AppData\Local\Programs\Python\Python37-32;C:\Program Files\Git\cmd;C:\Program Files (x86)\Yarn\bin\;C:\Program Files\nodejs\;C:\adb\;C:\Program Files\Java\jdk1.8.0_221\bin;C:\Python27\;C:\Program Files\Microsoft SQL Server\110\Tools\Binn\;C:\Program Files (x86)\Wolfram Research\WolframScript\;C:\Program Files\Tesseract-OCR\;C:\Program Files\Python36\Scripts\;C:\Program Files\Python36\;C:\Program Files (x86)\Common Files\Oracle\Java\javapath;C:\WINDOWS\system32;C:\WINDOWS;C:\WINDOWS\System32\Wbem;C:\WINDOWS\System32\WindowsPowerShell\v1.0\;C:\WINDOWS\System32\OpenSSH\;C:\Program Files (x86)\Intel\Intel(R) Management Engine Components\DAL;C:\Program Files\Intel\Intel(R) Management Engine Components\DAL;C:\Program Files\dotnet\;C:\Program Files\PuTTY\;C:\Users\akper\AppData\Local\Programs\Python\Python37-32;C:\Program Files\Git\cmd;C:\Program Files (x86)\Yarn\bin\;C:\Program Files\nodejs\;C:\adb\;C:\Program Files\Java\jdk1.8.0_221\bin;C:\Python27\;C:\Users\akper\AppData\Local\Programs\Python\Python35\Scripts\;C:\Users\akper\AppData\Local\Programs\Python\Python35\;C:\Users\akper\AppData\Local\Microsoft\WindowsApps;C:\Program Files\JetBrains\IntelliJ IDEA Community Edition 2019.2.1\bin;C:\Program Files\JetBrains\IntelliJ IDEA 2019.2.2\bin;C:\Program Files\Heroku\bin;C:\Users\akper\AppData\Local\Yarn\bin;C:\Users\akper\AppData\Roaming
USERNAME=akper
OS=Windows_NT
PROCESSOR_IDENTIFIER=Intel64 Family 6 Model 142 Stepping 11, GenuineIntel



---------------  S Y S T E M  ---------------

OS: Windows 10.0 , 64 bit Build 18362 (10.0.18362.329)

CPU:total 8 (initial active 8) (4 cores per cpu, 2 threads per core) family 6 model 142 stepping 11, cmov, cx8, fxsr, mmx, sse, sse2, sse3, ssse3, sse4.1, sse4.2, popcnt, avx, avx2, aes, clmul, erms, 3dnowpref, lzcnt, ht, tsc, tscinvbit, bmi1, bmi2, adx

Memory: 4k page, physical 8205748k(714076k free), swap 18291024k(5688k free)

vm_info: Java HotSpot(TM) 64-Bit Server VM (25.221-b11) for windows-amd64 JRE (1.8.0_221-b11), built on Jul  4 2019 04:39:29 by "java_re" with MS VC++ 10.0 (VS2010)

time: Sun Feb 23 23:16:50 2020
timezone: RTZ 2 (зима)
elapsed time: 3 seconds (0d 0h 0m 3s)

