#
# There is insufficient memory for the Java Runtime Environment to continue.
# Native memory allocation (malloc) failed to allocate 1048576 bytes for AllocateHeap
# Possible reasons:
#   The system is out of physical RAM or swap space
#   The process is running with CompressedOops enabled, and the Java Heap may be blocking the growth of the native heap
# Possible solutions:
#   Reduce memory load on the system
#   Increase physical memory or swap space
#   Check if swap backing store is full
#   Decrease Java heap size (-Xmx/-Xms)
#   Decrease number of Java threads
#   Decrease Java thread stack sizes (-Xss)
#   Set larger code cache with -XX:ReservedCodeCacheSize=
#   JVM is running with Unscaled Compressed Oops mode in which the Java heap is
#     placed in the first 4GB address space. The Java Heap base address is the
#     maximum limit for the native heap growth. Please use -XX:HeapBaseMinAddress
#     to set the Java Heap base and to place the Java Heap above 4GB virtual address.
# This output file may be truncated or incomplete.
#
#  Out of Memory Error (memory/allocation.inline.hpp:61), pid=21904, tid=0x0000000000001490
#
# JRE version:  (8.0_221-b11) (build )
# Java VM: Java HotSpot(TM) 64-Bit Server VM (25.221-b11 mixed mode windows-amd64 compressed oops)
# Failed to write core dump. Minidumps are not enabled by default on client versions of Windows
#

---------------  T H R E A D  ---------------

Current thread (0x0000000002dce800):  JavaThread "Unknown thread" [_thread_in_vm, id=5264, stack(0x0000000002dd0000,0x0000000002ed0000)]

Stack: [0x0000000002dd0000,0x0000000002ed0000]
[error occurred during error reporting (printing stack bounds), id 0xc0000005]

Native frames: (J=compiled Java code, j=interpreted, Vv=VM code, C=native code)


---------------  P R O C E S S  ---------------

Java Threads: ( => current thread )

Other Threads:

=>0x0000000002dce800 (exited) JavaThread "Unknown thread" [_thread_in_vm, id=5264, stack(0x0000000002dd0000,0x0000000002ed0000)]

VM state:not at safepoint (normal execution)

VM Mutex/Monitor currently owned by a thread: None

heap address: 0x0000000082c00000, size: 2004 MB, Compressed Oops mode: 32-bit
Narrow klass base: 0x0000000000000000, Narrow klass shift: 3
Compressed class space size: 1073741824 Address: 0x0000000100000000

Heap:
 PSYoungGen      total 37888K, used 655K [0x00000000d6400000, 0x00000000d8e00000, 0x0000000100000000)
  eden space 32768K, 2% used [0x00000000d6400000,0x00000000d64a3d80,0x00000000d8400000)
  from space 5120K, 0% used [0x00000000d8900000,0x00000000d8900000,0x00000000d8e00000)
  to   space 5120K, 0% used [0x00000000d8400000,0x00000000d8400000,0x00000000d8900000)
 ParOldGen       total 86016K, used 0K [0x0000000082c00000, 0x0000000088000000, 0x00000000d6400000)
  object space 86016K, 0% used [0x0000000082c00000,0x0000000082c00000,0x0000000088000000)
 Metaspace       used 776K, capacity 4480K, committed 4480K, reserved 1056768K
  class space    used 76K, capacity 384K, committed 384K, reserved 1048576K

Card table byte_map: [0x0000000012390000,0x0000000012780000] byte_map_base: 0x0000000011f7a000

Marking Bits: (ParMarkBitMap*) 0x000000005c455ce0
 Begin Bits: [0x0000000013220000, 0x0000000015170000)
 End Bits:   [0x0000000015170000, 0x00000000170c0000)

Polling page: 0x00000000010e0000

CodeCache: size=245760Kb used=328Kb max_used=328Kb free=245431Kb
 bounds [0x0000000002fd0000, 0x0000000003240000, 0x0000000011fd0000]
 total_blobs=58 nmethods=0 adapters=38
 compilation: enabled

Compilation events (0 events):
No events

GC Heap History (0 events):
No events

Deoptimization events (0 events):
No events

Classes redefined (0 events):
No events

Internal exceptions (0 events):
No events

Events (10 events):
Event: 0.021 loading class java/lang/Short
Event: 0.021 loading class java/lang/Short done
Event: 0.021 loading class java/lang/Integer
Event: 0.021 loading class java/lang/Integer done
Event: 0.021 loading class java/lang/Long
Event: 0.021 loading class java/lang/Long done
Event: 0.022 loading class java/lang/NullPointerException
Event: 0.022 loading class java/lang/NullPointerException done
Event: 0.022 loading class java/lang/ArithmeticException
Event: 0.022 loading class java/lang/ArithmeticException done


Dynamic libraries:
0x00007ff6047f0000 - 0x00007ff604827000 	C:\Program Files\Java\jdk1.8.0_221\jre\bin\java.exe
0x00007ffb7c180000 - 0x00007ffb7c370000 	C:\WINDOWS\SYSTEM32\ntdll.dll
0x00007ffb7a580000 - 0x00007ffb7a632000 	C:\WINDOWS\System32\KERNEL32.DLL
0x00007ffb79a70000 - 0x00007ffb79d13000 	C:\WINDOWS\System32\KERNELBASE.dll
0x00007ffb7aeb0000 - 0x00007ffb7af53000 	C:\WINDOWS\System32\ADVAPI32.dll
0x00007ffb7b440000 - 0x00007ffb7b4de000 	C:\WINDOWS\System32\msvcrt.dll
0x00007ffb7a6b0000 - 0x00007ffb7a747000 	C:\WINDOWS\System32\sechost.dll
0x00007ffb7bbd0000 - 0x00007ffb7bcf0000 	C:\WINDOWS\System32\RPCRT4.dll
0x00007ffb7a230000 - 0x00007ffb7a3c4000 	C:\WINDOWS\System32\USER32.dll
0x00007ffb79270000 - 0x00007ffb79291000 	C:\WINDOWS\System32\win32u.dll
0x00007ffb7bcf0000 - 0x00007ffb7bd16000 	C:\WINDOWS\System32\GDI32.dll
0x00007ffb7a070000 - 0x00007ffb7a204000 	C:\WINDOWS\System32\gdi32full.dll
0x00007ffb79da0000 - 0x00007ffb79e3e000 	C:\WINDOWS\System32\msvcp_win.dll
0x00007ffb79110000 - 0x00007ffb7920a000 	C:\WINDOWS\System32\ucrtbase.dll
0x00007ffb53910000 - 0x00007ffb53b95000 	C:\WINDOWS\WinSxS\amd64_microsoft.windows.common-controls_6595b64144ccf1df_6.0.18362.657_none_e6c5b579130e3898\COMCTL32.dll
0x00007ffb7a750000 - 0x00007ffb7aa86000 	C:\WINDOWS\System32\combase.dll
0x00007ffb79d20000 - 0x00007ffb79da0000 	C:\WINDOWS\System32\bcryptPrimitives.dll
0x00007ffb7bfb0000 - 0x00007ffb7bfde000 	C:\WINDOWS\System32\IMM32.DLL
0x000000005d550000 - 0x000000005d622000 	C:\Program Files\Java\jdk1.8.0_221\jre\bin\msvcr100.dll
0x000000005bc30000 - 0x000000005c4d5000 	C:\Program Files\Java\jdk1.8.0_221\jre\bin\server\jvm.dll
0x00007ffb7a6a0000 - 0x00007ffb7a6a8000 	C:\WINDOWS\System32\PSAPI.DLL
0x00007ffb56970000 - 0x00007ffb56979000 	C:\WINDOWS\SYSTEM32\WSOCK32.dll
0x00007ffb71930000 - 0x00007ffb7193a000 	C:\WINDOWS\SYSTEM32\VERSION.dll
0x00007ffb63a60000 - 0x00007ffb63a84000 	C:\WINDOWS\SYSTEM32\WINMM.dll
0x00007ffb7ae40000 - 0x00007ffb7aeaf000 	C:\WINDOWS\System32\WS2_32.dll
0x00007ffb63a30000 - 0x00007ffb63a5d000 	C:\WINDOWS\SYSTEM32\WINMMBASE.dll
0x00007ffb79a20000 - 0x00007ffb79a6a000 	C:\WINDOWS\System32\cfgmgr32.dll
0x00007ffb6ec30000 - 0x00007ffb6ec3f000 	C:\Program Files\Java\jdk1.8.0_221\jre\bin\verify.dll
0x00007ffb3a750000 - 0x00007ffb3a779000 	C:\Program Files\Java\jdk1.8.0_221\jre\bin\java.dll
0x00007ffb4dfd0000 - 0x00007ffb4dfe6000 	C:\Program Files\Java\jdk1.8.0_221\jre\bin\zip.dll

VM Arguments:
java_command: C:\Users\akper\Desktop\OPD\bcomp-dev\bcomp-ng\target\surefire\surefirebooter1743262504190566830.jar C:\Users\akper\Desktop\OPD\bcomp-dev\bcomp-ng\target\surefire\surefire5820443654646442949tmp C:\Users\akper\Desktop\OPD\bcomp-dev\bcomp-ng\target\surefire\surefire_08914794950484412870tmp
java_class_path (initial): C:\Users\akper\Desktop\OPD\bcomp-dev\bcomp-ng\target\surefire\surefirebooter1743262504190566830.jar
Launcher Type: SUN_STANDARD

Environment Variables:
PATH=C:\Program Files\Python36\Scripts\;C:\Program Files\Python36\;C:\Program Files (x86)\Common Files\Oracle\Java\javapath;C:\WINDOWS\system32;C:\WINDOWS;C:\WINDOWS\System32\Wbem;C:\WINDOWS\System32\WindowsPowerShell\v1.0\;C:\WINDOWS\System32\OpenSSH\;C:\Program Files (x86)\Intel\Intel(R) Management Engine Components\DAL;C:\Program Files\Intel\Intel(R) Management Engine Components\DAL;C:\Program Files\dotnet\;C:\Program Files\PuTTY\;C:\Users\akper\AppData\Local\Programs\Python\Python37-32;C:\Program Files\Git\cmd;C:\Program Files (x86)\Yarn\bin\;C:\Program Files\nodejs\;C:\adb\;C:\Program Files\Java\jdk1.8.0_221\bin;C:\Python27\;C:\Program Files\Microsoft SQL Server\110\Tools\Binn\;C:\Program Files (x86)\Wolfram Research\WolframScript\;C:\Program Files\Tesseract-OCR\;C:\Program Files\Python36\Scripts\;C:\Program Files\Python36\;C:\Program Files (x86)\Common Files\Oracle\Java\javapath;C:\WINDOWS\system32;C:\WINDOWS;C:\WINDOWS\System32\Wbem;C:\WINDOWS\System32\WindowsPowerShell\v1.0\;C:\WINDOWS\System32\OpenSSH\;C:\Program Files (x86)\Intel\Intel(R) Management Engine Components\DAL;C:\Program Files\Intel\Intel(R) Management Engine Components\DAL;C:\Program Files\dotnet\;C:\Program Files\PuTTY\;C:\Users\akper\AppData\Local\Programs\Python\Python37-32;C:\Program Files\Git\cmd;C:\Program Files (x86)\Yarn\bin\;C:\Program Files\nodejs\;C:\adb\;C:\Program Files\Java\jdk1.8.0_221\bin;C:\Python27\;C:\Users\akper\AppData\Local\Programs\Python\Python35\Scripts\;C:\Users\akper\AppData\Local\Programs\Python\Python35\;C:\Users\akper\AppData\Local\Microsoft\WindowsApps;C:\Program Files\JetBrains\IntelliJ IDEA Community Edition 2019.2.1\bin;C:\Program Files\JetBrains\IntelliJ IDEA 2019.2.2\bin;C:\Program Files\Heroku\bin;C:\Users\akper\AppData\Local\Yarn\bin;C:\Users\akper\AppData\Roaming
USERNAME=akper
OS=Windows_NT
PROCESSOR_IDENTIFIER=Intel64 Family 6 Model 142 Stepping 11, GenuineIntel



---------------  S Y S T E M  ---------------

OS: Windows 10.0 , 64 bit Build 18362 (10.0.18362.329)

CPU:total 8 (initial active 8) (4 cores per cpu, 2 threads per core) family 6 model 142 stepping 11, cmov, cx8, fxsr, mmx, sse, sse2, sse3, ssse3, sse4.1, sse4.2, popcnt, avx, avx2, aes, clmul, erms, 3dnowpref, lzcnt, ht, tsc, tscinvbit, bmi1, bmi2, adx

Memory: 4k page, physical 8205748k(481580k free), swap 18291024k(5508k free)

vm_info: Java HotSpot(TM) 64-Bit Server VM (25.221-b11) for windows-amd64 JRE (1.8.0_221-b11), built on Jul  4 2019 04:39:29 by "java_re" with MS VC++ 10.0 (VS2010)

time: Sun Feb 23 23:11:01 2020
timezone: RTZ 2 (зима)
elapsed time: 0 seconds (0d 0h 0m 0s)

